<?xml version="1.0" encoding="UTF-8"?>
<testsuite name="MainKtTest" tests="2" skipped="0" failures="0" errors="0" timestamp="2023-01-13T08:34:01" hostname="MYJOY" time="0.006">
  <properties/>
  <testcase name="calcPriceShouldNotAddDiscount" classname="MainKtTest" time="0.006"/>
  <testcase name="calcPriceShouldAddDiscount" classname="MainKtTest" time="0.0"/>
  <system-out><![CDATA[]]></system-out>
  <system-err><![CDATA[]]></system-err>
</testsuite>
